{"level":"info","message":"New game created: Minecraft"}
{"level":"info","message":"New game created: God of War 4"}
{"component":"user-service","level":"info","message":"New game created: God of War 4"}
{"component":"user-service","level":"error","message":"Unable to connect: QueryFailedError: null value in column \"price\" of relation \"games\" violates not-null constraint"}
{"category":"Action","component":"user-service","create_at":"2013-04-02T21:00:00.000Z","display_name":"The Witcher","id":5,"level":"info","message":"all game: ","price":56,"total_rating":10}
{"0":{"category":"Survival","create_at":"2007-05-11T21:00:00.000Z","display_name":"Minecraft","id":2,"price":32,"total_rating":10},"1":{"category":"Action RPG","create_at":"2018-10-21T21:00:00.000Z","display_name":"God of War 4","id":3,"price":52,"total_rating":10},"2":{"category":"Action","create_at":"2020-01-09T21:00:00.000Z","display_name":"Spider Man PS4","id":4,"price":47,"total_rating":9},"3":{"category":"Action","create_at":"2013-04-02T21:00:00.000Z","display_name":"The Witcher","id":5,"price":56,"total_rating":10},"4":{"category":"Action","create_at":"2013-04-02T21:00:00.000Z","display_name":"The Witcher","id":6,"price":56,"total_rating":10},"5":{"category":"Action","create_at":"2013-04-02T21:00:00.000Z","display_name":"The Witcher","id":7,"price":56,"total_rating":10},"6":{"category":"Action","create_at":"2013-04-02T21:00:00.000Z","display_name":"The Witcher","id":8,"price":56,"total_rating":10},"7":{"category":"Action","create_at":"2013-04-02T21:00:00.000Z","display_name":"The Witcher","id":9,"price":56,"total_rating":10},"8":{"category":"Action","create_at":"2019-04-02T21:00:00.000Z","display_name":"Call of Duty Black Ops 4","id":11,"price":44,"total_rating":8},"component":"user-service","level":"info","message":"all game: "}
{"category":"Action","component":"user-service","create_at":"2013-04-02T21:00:00.000Z","display_name":"The Witcher","id":7,"level":"info","message":"all game: ","price":56,"total_rating":10}
{"category":"Action","component":"user-service","create_at":"2013-04-02T21:00:00.000Z","display_name":"The Witcher","id":7,"level":"info","message":"all game: ","price":56,"total_rating":10}
{"component":"user-service","level":"info","message":"\n\nserver run on port http://localhost:4200"}
{"category":"Action","component":"user-service","create_at":"2013-04-02T21:00:00.000Z","display_name":"The Witcher","id":7,"level":"info","message":"all game: ","price":56,"total_rating":10}
{"component":"user-service","level":"info","message":"\n\nserver run on port http://localhost:4200"}
{"category":"Action","component":"user-service","create_at":"2013-04-02T21:00:00.000Z","display_name":"The Witcher","id":7,"level":"info","message":"all game: ","price":56,"total_rating":10}
{"component":"user-service","level":"info","message":"\n\nserver run on port http://localhost:4200"}
{"component":"user-service","level":"info","message":"all game: "}
{"component":"user-service","level":"info","message":"\n\nserver run on port http://localhost:4200"}
{"component":"user-service","level":"info","message":"all game: "}
{"component":"user-service","level":"info","message":"server run on port http://localhost:4200"}
{"component":"user-service","level":"info","message":"server run on port http://localhost:4200"}
{"component":"user-service","level":"info","message":"server run on port http://localhost:4200"}
{"component":"user-service","level":"info","message":"server run on port http://localhost:4200"}
{"component":"user-service","level":"info","message":"server run on port http://localhost:4200"}
{"component":"user-service","level":"info","message":"server run on port http://localhost:4200"}
{"component":"user-service","level":"info","message":"server run on port http://localhost:4200"}
{"component":"user-service","level":"info","message":"server run on port http://localhost:4200"}
{"component":"user-service","level":"info","message":"server run on port http://localhost:4200"}
{"component":"user-service","level":"info","message":"server run on port http://localhost:4200"}
{"component":"user-service","level":"info","message":"server run on port http://localhost:4200"}
{"component":"user-service","level":"info","message":"server run on port http://localhost:4200"}
{"component":"user-service","level":"info","message":"Game God of War added on category [object Object]"}
{"component":"user-service","level":"info","message":"Game God of War added on category [object Object]"}
{"component":"user-service","level":"info","message":"server run on port http://localhost:4200"}
{"component":"user-service","level":"info","message":"server run on port http://localhost:4200"}
{"component":"user-service","level":"info","message":"Game Batman Arkham Knight added on category Action"}
{"component":"user-service","level":"info","message":"Game Batman Arkham Knight added on category Action"}
{"component":"user-service","level":"info","message":"server run on port http://localhost:4200"}
{"component":"user-service","level":"info","message":"server run on port http://localhost:4200"}
{"component":"user-service","level":"info","message":"server run on port http://localhost:4200"}
{"component":"user-service","level":"info","message":"server run on port http://localhost:4200"}
{"component":"user-service","level":"info","message":"server run on port http://localhost:4200"}
{"component":"user-service","level":"info","message":"server run on port http://localhost:4200"}
{"component":"user-service","level":"info","message":"Game Spider Man PS4 added on category Action"}
{"component":"user-service","level":"info","message":"server run on port http://localhost:4200"}
{"component":"user-service","level":"info","message":"server run on port http://localhost:4200"}
{"component":"user-service","level":"info","message":"Game delete"}
{"component":"user-service","level":"info","message":"Game delete"}
{"component":"user-service","level":"info","message":"server run on port http://localhost:4200"}
{"component":"user-service","level":"info","message":"Game delete"}
{"component":"user-service","level":"info","message":"server run on port http://localhost:4200"}
{"component":"user-service","level":"info","message":"Game delete"}
{"component":"user-service","level":"info","message":"Game delete"}
{"component":"user-service","level":"info","message":"server run on port http://localhost:4200"}
{"component":"user-service","level":"info","message":"server run on port http://localhost:4200"}
{"component":"user-service","level":"info","message":"server run on port http://localhost:4200"}
{"component":"user-service","level":"info","message":"server run on port http://localhost:4200"}
{"component":"user-service","level":"info","message":"server run on port http://localhost:4200"}
{"component":"user-service","level":"info","message":"server run on port http://localhost:4200"}
{"component":"user-service","level":"info","message":"server run on port http://localhost:4200"}
{"component":"user-service","level":"info","message":"server run on port http://localhost:4200"}
{"component":"user-service","level":"info","message":"Game info: [object Object]"}
{"component":"user-service","level":"info","message":"server run on port http://localhost:4200"}
{"component":"user-service","create_at":"2021-02-09T21:00:00.000Z","display_name":"Call of Duty Black Ops 4","id":4,"level":"info","message":"Game info: ","price":44,"total_rating":78}
{"component":"user-service","level":"info","message":"server run on port http://localhost:4200"}
{"component":"user-service","level":"info","message":"server run on port http://localhost:4200"}
{"component":"user-service","level":"info","message":"server run on port http://localhost:4200"}
{"component":"user-service","level":"info","message":"server run on port http://localhost:4200"}
{"component":"user-service","level":"info","message":"server run on port http://localhost:4200"}
{"component":"user-service","level":"info","message":"Games added"}
{"component":"user-service","level":"info","message":"Games added"}
{"component":"user-service","level":"info","message":"server run on port http://localhost:4200"}
{"component":"user-service","level":"info","message":"server run on port http://localhost:4200"}
{"component":"user-service","level":"info","message":"server run on port http://localhost:4200"}
{"component":"user-service","level":"info","message":"server run on port http://localhost:4200"}
{"component":"user-service","level":"info","message":"server run on port http://localhost:4200"}
{"component":"user-service","level":"info","message":"server run on port http://localhost:4200"}
{"component":"user-service","level":"info","message":"server run on port http://localhost:4200"}
{"component":"user-service","level":"info","message":"server run on port http://localhost:4200"}
{"component":"user-service","level":"info","message":"server run on port http://localhost:4200"}
{"component":"user-service","level":"info","message":"server run on port http://localhost:4200"}
{"component":"user-service","level":"info","message":"server run on port http://localhost:4200"}
{"component":"user-service","level":"info","message":"server run on port http://localhost:4200"}
{"component":"user-service","level":"info","message":"server run on port http://localhost:4200"}
{"component":"user-service","level":"info","message":"server run on port http://localhost:4200"}
{"component":"user-service","level":"info","message":"server run on port http://localhost:4200"}
{"component":"user-service","level":"info","message":"server run on port http://localhost:4200"}
{"component":"user-service","level":"info","message":"server run on port http://localhost:4200"}
{"component":"user-service","level":"info","message":"server run on port http://localhost:4200"}
{"component":"user-service","level":"info","message":"server run on port http://localhost:4200"}
{"component":"user-service","level":"info","message":"server run on port http://localhost:4200"}
{"component":"user-service","level":"info","message":"server run on port http://localhost:4200"}
{"component":"user-service","level":"info","message":"server run on port http://localhost:4200"}
{"component":"user-service","level":"info","message":"server run on port http://localhost:4200"}
{"component":"user-service","level":"info","message":"server run on port http://localhost:4200"}
{"component":"user-service","level":"info","message":"server run on port http://localhost:4200"}
{"component":"user-service","level":"info","message":"server run on port http://localhost:4200"}
{"component":"user-service","level":"info","message":"server run on port http://localhost:4200"}
{"component":"user-service","level":"info","message":"server run on port http://localhost:4200"}
{"component":"user-service","level":"info","message":"server run on port http://localhost:4200"}
{"component":"user-service","level":"info","message":"server run on port http://localhost:4200"}
{"component":"user-service","level":"info","message":"server run on port http://localhost:4200"}
{"component":"user-service","level":"info","message":"server run on port http://localhost:4200"}
{"component":"user-service","level":"info","message":"server run on port http://localhost:4200"}
{"component":"user-service","level":"info","message":"server run on port http://localhost:4200"}
{"component":"user-service","level":"info","message":"server run on port http://localhost:4200"}
{"component":"user-service","level":"info","message":"server run on port http://localhost:4200"}
{"component":"user-service","level":"info","message":"server run on port http://localhost:4200"}
{"component":"user-service","level":"info","message":"server run on port http://localhost:4200"}
{"component":"user-service","level":"info","message":"server run on port http://localhost:4200"}
{"component":"user-service","level":"info","message":"server run on port http://localhost:4200"}
{"component":"user-service","level":"info","message":"server run on port http://localhost:4200"}
{"component":"user-service","level":"info","message":"server run on port http://localhost:4200"}
{"component":"user-service","level":"info","message":"server run on port http://localhost:4200"}
